<?xml version="1.0" encoding="UTF-8"?>
<!-- Generated by org.testng.reporters.JUnitXMLReporter -->
<testsuite hostname="EDT-168" name="Test script for SearchLocationByCity" tests="1" failures="1" timestamp="25 Apr 2018 13:26:35 GMT" time="37.336" errors="0">
  <testcase name="VerifyLocationbyCity" time="7.423" classname="com.BurgerApp.LocationScripts.SearchLocationByCity">
    <failure type="java.lang.AssertionError" message="expected [true] but found [false]">
      <![CDATA[java.lang.AssertionError: expected [true] but found [false]
	at com.BurgerApp.LocationScripts.SearchLocationByCity.VerifyLocationbyCity(SearchLocationByCity.java:148)
... Removed 28 stack frames]]>
    </failure>
  </testcase> <!-- VerifyLocationbyCity -->
</testsuite> <!-- Test script for SearchLocationByCity -->
