<?xml version="1.0" encoding="UTF-8"?>
<!-- Generated by org.testng.reporters.JUnitXMLReporter -->
<testsuite hostname="EDT-168" name="Test script for SearchLocationByAddress" tests="1" failures="1" timestamp="25 Apr 2018 13:25:57 GMT" time="39.866" errors="0">
  <testcase name="VerifyLocationbyAddress" time="7.62" classname="com.BurgerApp.LocationScripts.SearchLocationByAddress">
    <failure type="java.lang.AssertionError" message="expected [true] but found [false]">
      <![CDATA[java.lang.AssertionError: expected [true] but found [false]
	at com.BurgerApp.LocationScripts.SearchLocationByAddress.VerifyLocationbyAddress(SearchLocationByAddress.java:172)
... Removed 28 stack frames]]>
    </failure>
  </testcase> <!-- VerifyLocationbyAddress -->
</testsuite> <!-- Test script for SearchLocationByAddress -->
