<?xml version="1.0" encoding="UTF-8"?>
<!-- Generated by org.testng.reporters.JUnitXMLReporter -->
<testsuite hostname="EDT-168" name="Test" tests="1" failures="1" timestamp="25 Apr 2018 14:04:35 GMT" time="38.812" errors="0">
  <testcase name="CheckWifiOffScenario" time="7.703" classname="com.BurgerApp.HomePageScripts.CheckWifiOffScenarios">
    <failure type="java.lang.AssertionError" message="expected [true] but found [false]">
      <![CDATA[java.lang.AssertionError: expected [true] but found [false]
	at com.BurgerApp.HomePageScripts.CheckWifiOffScenarios.CheckWifiOffScenario(CheckWifiOffScenarios.java:175)
... Removed 28 stack frames]]>
    </failure>
  </testcase> <!-- CheckWifiOffScenario -->
</testsuite> <!-- Test -->
